<?xml version="1.0" encoding="UTF-8"?>
<testsuite xmlns:xsi="http://www.w3.org/2001/XMLSchema-instance" xsi:noNamespaceSchemaLocation="https://maven.apache.org/surefire/maven-surefire-plugin/xsd/surefire-test-report.xsd" name="com.mycompany.app.AppTest" time="0.047" tests="1" errors="0" skipped="0" failures="0">
  <properties>
    <property name="sun.desktop" value="windows"/>
    <property name="awt.toolkit" value="sun.awt.windows.WToolkit"/>
    <property name="java.specification.version" value="11"/>
    <property name="sun.cpu.isalist" value="amd64"/>
    <property name="sun.jnu.encoding" value="Cp1252"/>
    <property name="java.class.path" value="C:\Users\salman\OneDrive\Desktop\SEM5\DevOps\my-app\target\test-classes;C:\Users\salman\OneDrive\Desktop\SEM5\DevOps\my-app\target\classes;C:\Users\salman\.m2\repository\junit\junit\4.11\junit-4.11.jar;C:\Users\salman\.m2\repository\org\hamcrest\hamcrest-core\1.3\hamcrest-core-1.3.jar;"/>
    <property name="java.vm.vendor" value="Oracle Corporation"/>
    <property name="sun.arch.data.model" value="64"/>
    <property name="user.variant" value=""/>
    <property name="java.vendor.url" value="https://openjdk.java.net/"/>
    <property name="user.timezone" value="Asia/Calcutta"/>
    <property name="java.vm.specification.version" value="11"/>
    <property name="os.name" value="Windows 11"/>
    <property name="sun.java.launcher" value="SUN_STANDARD"/>
    <property name="user.country" value="US"/>
    <property name="sun.boot.library.path" value="C:\Program Files\Java\jdk-11.0.16\bin"/>
    <property name="sun.java.command" value="C:\Users\salman\AppData\Local\Temp\surefire5804527733414547871\surefirebooter7213104358640071701.jar C:\Users\salman\AppData\Local\Temp\surefire5804527733414547871 2022-09-02T11-07-18_723-jvmRun1 surefire1654580376613328127tmp surefire_03490558015662882393tmp"/>
    <property name="jdk.debug" value="release"/>
    <property name="surefire.test.class.path" value="C:\Users\salman\OneDrive\Desktop\SEM5\DevOps\my-app\target\test-classes;C:\Users\salman\OneDrive\Desktop\SEM5\DevOps\my-app\target\classes;C:\Users\salman\.m2\repository\junit\junit\4.11\junit-4.11.jar;C:\Users\salman\.m2\repository\org\hamcrest\hamcrest-core\1.3\hamcrest-core-1.3.jar;"/>
    <property name="sun.cpu.endian" value="little"/>
    <property name="user.home" value="C:\Users\salman"/>
    <property name="user.language" value="en"/>
    <property name="java.specification.vendor" value="Oracle Corporation"/>
    <property name="java.version.date" value="2022-07-19"/>
    <property name="java.home" value="C:\Program Files\Java\jdk-11.0.16"/>
    <property name="file.separator" value="\"/>
    <property name="basedir" value="C:\Users\salman\OneDrive\Desktop\SEM5\DevOps\my-app"/>
    <property name="java.vm.compressedOopsMode" value="32-bit"/>
    <property name="line.separator" value="&#10;"/>
    <property name="java.specification.name" value="Java Platform API Specification"/>
    <property name="java.vm.specification.vendor" value="Oracle Corporation"/>
    <property name="java.awt.graphicsenv" value="sun.awt.Win32GraphicsEnvironment"/>
    <property name="surefire.real.class.path" value="C:\Users\salman\AppData\Local\Temp\surefire5804527733414547871\surefirebooter7213104358640071701.jar"/>
    <property name="user.script" value=""/>
    <property name="sun.management.compiler" value="HotSpot 64-Bit Tiered Compilers"/>
    <property name="java.runtime.version" value="11.0.16+11-LTS-199"/>
    <property name="user.name" value="salman"/>
    <property name="path.separator" value=";"/>
    <property name="os.version" value="10.0"/>
    <property name="java.runtime.name" value="Java(TM) SE Runtime Environment"/>
    <property name="file.encoding" value="Cp1252"/>
    <property name="java.vm.name" value="Java HotSpot(TM) 64-Bit Server VM"/>
    <property name="java.vendor.version" value="18.9"/>
    <property name="localRepository" value="C:\Users\salman\.m2\repository"/>
    <property name="java.vendor.url.bug" value="https://bugreport.java.com/bugreport/"/>
    <property name="java.io.tmpdir" value="C:\Users\salman\AppData\Local\Temp\"/>
    <property name="java.version" value="11.0.16"/>
    <property name="user.dir" value="C:\Users\salman\OneDrive\Desktop\SEM5\DevOps\my-app"/>
    <property name="os.arch" value="amd64"/>
    <property name="java.vm.specification.name" value="Java Virtual Machine Specification"/>
    <property name="java.awt.printerjob" value="sun.awt.windows.WPrinterJob"/>
    <property name="sun.os.patch.level" value=""/>
    <property name="java.library.path" value="C:\Program Files\Java\jdk-11.0.16\bin;C:\WINDOWS\Sun\Java\bin;C:\WINDOWS\system32;C:\WINDOWS;C:\Program Files\PowerShell\7;C:\Program Files (x86)\VMware\VMware Player\bin\;C:\Program Files\Eclipse Foundation\jdk-11.0.12.7-hotspot\bin;C:\Program Files\Common Files\Oracle\Java\javapath;C:\Program Files (x86)\Common Files\Oracle\Java\javapath;C:\Windows\system32;C:\Windows;C:\Windows\System32\Wbem;C:\Windows\System32\WindowsPowerShell\v1.0\;C:\Windows\System32\OpenSSH\;C:\Program Files (x86)\NVIDIA Corporation\PhysX\Common;C:\Program Files\NVIDIA Corporation\NVIDIA NvDLISR;C:\ProgramData\chocolatey\bin;node_modules\npm\bin;C:\Users\salman\AppData\Local\Programs\Python\Python39\Scripts;C:\Program Files\PostgreSQL\11\bin;C:\Program Files\PostgreSQL\12\bin;C:\Users\salman\OneDrive\Desktop\openjfx-11.0.2_windows-x64_bin-sdk\javafx-sdk-11.0.2\bin;C:\Program Files\MySQL\MySQL Server 8.0\bin;C:\Program Files\Git\cmd;C:\MinGW\bin;C:\Program Files\MongoDB\Server\5.0\bin;C:\Program Files\dotnet\;C:\Users\salman\Downloads\chromedriver_win32;C:\WINDOWS\system32;C:\WINDOWS;C:\WINDOWS\System32\Wbem;C:\WINDOWS\System32\WindowsPowerShell\v1.0\;C:\WINDOWS\System32\OpenSSH\;C:\Users\salman\OneDrive\Desktop\openjfx-17.0.1_windows-x64_bin-sdk\javafx-sdk-17.0.1\lib;C:\Program Files\swipl\bin;C:\Program Files\PostgreSQL\12\bin;C:\Program Files\swipl\bin;C:\Users\salman\Downloads\chromedriver_win32 (1);C:\SeleniumDrivers;C:\Program Files\Docker\Docker\resources\bin;C:\ProgramData\DockerDesktop\version-bin;C:\Program Files\GNU Octave\Octave-6.4.0\mingw64\bin;C:\Users\salman\.cargo\bin;C:\Users\salman\Downloads\NS\bin;C:\Users\salman\Downloads\geckodriver-v0.30.0-win64;C:\Users\salman\Downloads\geckodriver-v0.30.0-win64\geckodriver.exe;C:\Users\salman\AppData\Roaming\nvm;C:\Program Files\nodejs;C:\Users\salman\AppData\Local\Programs\oh-my-posh\bin;C:\Program Files\PowerShell\7\;C:\Program Files\Go\bin;C:\Users\salman\Downloads\ngrok-v3-stable-windows-amd64;C:\Program Files\MongoDB\Server\5.0\bin;C:\Users\salman\Downloads\mongodb-database-tools-windows-x86_64-100.6.0\mongodb-database-tools-windows-x86_64-100.6.0\bin;C:\Program Files\Java\jdk-11.0.16\bin;C:\apache-maven-3.8.6\bin;C:\Users\salman\.cargo\bin;C:\Users\salman\AppData\Local\Programs\Python\Python39\Scripts\;C:\Users\salman\AppData\Local\Programs\Python\Python39\;C:\Users\salman\AppData\Local\Programs\Python\Python310\Scripts\;C:\Users\salman\AppData\Local\Programs\Python\Python310\;C:\Users\salman\AppData\Local\Microsoft\WindowsApps;C:\Users\salman\AppData\Local\Programs\Microsoft VS Code\bin;C:\Users\salman\AppData\Roaming\npm;C:\Users\salman\AppData\Local\GitHubDesktop\bin;C:\Users\salman\AppData\Local\Programs\Python\Python39\Scripts;C:\Program Files\heroku\bin;C:\Program Files\MySQL\MySQL Server 8.0\bin;C:\Users\salman\AppData\Local\Programs\mongosh\;C:\Users\salman\AppData\Roaming\cabal\bin;C:\tools\ghc-9.0.1\bin;C:\msys64\mingw64\bin;C:\MinGW\bin;C:\Program Files\MongoDB\Server\5.0\bin;C:\Users\salman\.dotnet\tools;C:\Users\salman\Downloads\chromedriver_win32;C:\Program Files\PostgreSQL\11\bin;C:\Users\salman\OneDrive\Desktop\openjfx-17.0.1_windows-x64_bin-sdk\javafx-sdk-17.0.1\lib;C:\Program Files\swipl\bin;C:\Program Files\PostgreSQL\12\bin;C:\Program Files\swipl\bin;C:\Users\salman\Downloads\chromedriver_win32 (1);C:\SeleniumDrivers;C:\Program Files\GNU Octave\Octave-6.4.0\mingw64\bin;C:\Users\salman\.cargo\bin;C:\Users\salman\Downloads\NS\bin;C:\Users\salman\Downloads\geckodriver-v0.30.0-win64;C:\Users\salman\Downloads\geckodriver-v0.30.0-win64\geckodriver.exe;C:\Users\salman\AppData\Roaming\nvm;C:\Program Files\nodejs;C:\Users\salman\AppData\Local\Programs\oh-my-posh\bin;C:\Users\salman\go\bin;C:\Users\salman\OneDrive\Documents\FlutterDev\flutter\bin;C:\Users\salman\Downloads\ngrok-v3-stable-windows-amd64;C:\Program Files\MongoDB\Server\5.0\bin;C:\Users\salman\Downloads\mongodb-database-tools-windows-x86_64-100.6.0\mongodb-database-tools-windows-x86_64-100.6.0\bin;C:\Program Files\Java\jdk-11.0.16\bin;C:\apache-maven-3.8.6\bin;;."/>
    <property name="java.vendor" value="Oracle Corporation"/>
    <property name="java.vm.info" value="mixed mode"/>
    <property name="java.vm.version" value="11.0.16+11-LTS-199"/>
    <property name="sun.io.unicode.encoding" value="UnicodeLittle"/>
    <property name="java.class.version" value="55.0"/>
  </properties>
  <testcase name="shouldAnswerWithTrue" classname="com.mycompany.app.AppTest" time="0.002"/>
</testsuite>